<?xml version="1.0" encoding="UTF-8"?>
<testsuite xmlns:xsi="http://www.w3.org/2001/XMLSchema-instance" xsi:noNamespaceSchemaLocation="https://maven.apache.org/surefire/maven-surefire-plugin/xsd/surefire-test-report.xsd" name="com.fox.AppTest" time="0.212" tests="6" errors="0" skipped="0" failures="0">
  <properties>
    <property name="sun.desktop" value="windows"/>
    <property name="awt.toolkit" value="sun.awt.windows.WToolkit"/>
    <property name="file.encoding.pkg" value="sun.io"/>
    <property name="java.specification.version" value="1.8"/>
    <property name="sun.cpu.isalist" value="amd64"/>
    <property name="sun.jnu.encoding" value="GBK"/>
    <property name="java.class.path" value="E:\project\dubbo-test\dubbo-service\target\test-classes;E:\project\dubbo-test\dubbo-service\target\classes;E:\Maven\Repository\org\springframework\boot\spring-boot-starter\2.0.1.RELEASE\spring-boot-starter-2.0.1.RELEASE.jar;E:\Maven\Repository\org\springframework\boot\spring-boot\2.0.1.RELEASE\spring-boot-2.0.1.RELEASE.jar;E:\Maven\Repository\org\springframework\boot\spring-boot-autoconfigure\2.0.1.RELEASE\spring-boot-autoconfigure-2.0.1.RELEASE.jar;E:\Maven\Repository\org\springframework\boot\spring-boot-starter-logging\2.0.1.RELEASE\spring-boot-starter-logging-2.0.1.RELEASE.jar;E:\Maven\Repository\ch\qos\logback\logback-classic\1.2.3\logback-classic-1.2.3.jar;E:\Maven\Repository\ch\qos\logback\logback-core\1.2.3\logback-core-1.2.3.jar;E:\Maven\Repository\org\apache\logging\log4j\log4j-to-slf4j\2.10.0\log4j-to-slf4j-2.10.0.jar;E:\Maven\Repository\org\apache\logging\log4j\log4j-api\2.10.0\log4j-api-2.10.0.jar;E:\Maven\Repository\org\slf4j\jul-to-slf4j\1.7.25\jul-to-slf4j-1.7.25.jar;E:\Maven\Repository\javax\annotation\javax.annotation-api\1.3.2\javax.annotation-api-1.3.2.jar;E:\Maven\Repository\org\springframework\spring-core\5.0.5.RELEASE\spring-core-5.0.5.RELEASE.jar;E:\Maven\Repository\org\springframework\spring-jcl\5.0.5.RELEASE\spring-jcl-5.0.5.RELEASE.jar;E:\Maven\Repository\org\yaml\snakeyaml\1.19\snakeyaml-1.19.jar;E:\Maven\Repository\org\springframework\boot\spring-boot-starter-test\2.0.1.RELEASE\spring-boot-starter-test-2.0.1.RELEASE.jar;E:\Maven\Repository\org\springframework\boot\spring-boot-test\2.0.1.RELEASE\spring-boot-test-2.0.1.RELEASE.jar;E:\Maven\Repository\org\springframework\boot\spring-boot-test-autoconfigure\2.0.1.RELEASE\spring-boot-test-autoconfigure-2.0.1.RELEASE.jar;E:\Maven\Repository\com\jayway\jsonpath\json-path\2.4.0\json-path-2.4.0.jar;E:\Maven\Repository\net\minidev\json-smart\2.3\json-smart-2.3.jar;E:\Maven\Repository\net\minidev\accessors-smart\1.2\accessors-smart-1.2.jar;E:\Maven\Repository\org\ow2\asm\asm\5.0.4\asm-5.0.4.jar;E:\Maven\Repository\org\slf4j\slf4j-api\1.7.25\slf4j-api-1.7.25.jar;E:\Maven\Repository\junit\junit\4.12\junit-4.12.jar;E:\Maven\Repository\org\assertj\assertj-core\3.9.1\assertj-core-3.9.1.jar;E:\Maven\Repository\org\mockito\mockito-core\2.15.0\mockito-core-2.15.0.jar;E:\Maven\Repository\net\bytebuddy\byte-buddy\1.7.11\byte-buddy-1.7.11.jar;E:\Maven\Repository\net\bytebuddy\byte-buddy-agent\1.7.11\byte-buddy-agent-1.7.11.jar;E:\Maven\Repository\org\objenesis\objenesis\2.6\objenesis-2.6.jar;E:\Maven\Repository\org\hamcrest\hamcrest-core\1.3\hamcrest-core-1.3.jar;E:\Maven\Repository\org\hamcrest\hamcrest-library\1.3\hamcrest-library-1.3.jar;E:\Maven\Repository\org\skyscreamer\jsonassert\1.5.0\jsonassert-1.5.0.jar;E:\Maven\Repository\com\vaadin\external\google\android-json\0.0.20131108.vaadin1\android-json-0.0.20131108.vaadin1.jar;E:\Maven\Repository\org\springframework\spring-test\5.0.5.RELEASE\spring-test-5.0.5.RELEASE.jar;E:\Maven\Repository\org\xmlunit\xmlunit-core\2.5.1\xmlunit-core-2.5.1.jar;E:\Maven\Repository\com\fox\dubbo-api\1.0.0\dubbo-api-1.0.0.jar;E:\Maven\Repository\io\dubbo\springboot\spring-boot-starter-dubbo\1.0.0\spring-boot-starter-dubbo-1.0.0.jar;E:\Maven\Repository\com\alibaba\dubbo\2.5.3\dubbo-2.5.3.jar;E:\Maven\Repository\org\javassist\javassist\3.15.0-GA\javassist-3.15.0-GA.jar;E:\Maven\Repository\org\jboss\netty\netty\3.2.5.Final\netty-3.2.5.Final.jar;E:\Maven\Repository\com\101tec\zkclient\0.7\zkclient-0.7.jar;E:\Maven\Repository\org\apache\zookeeper\zookeeper\3.4.6\zookeeper-3.4.6.jar;E:\Maven\Repository\jline\jline\0.9.94\jline-0.9.94.jar;E:\Maven\Repository\io\netty\netty\3.7.0.Final\netty-3.7.0.Final.jar;E:\Maven\Repository\log4j\log4j\1.2.15\log4j-1.2.15.jar;E:\Maven\Repository\javax\mail\mail\1.4\mail-1.4.jar;E:\Maven\Repository\javax\activation\activation\1.1\activation-1.1.jar;E:\Maven\Repository\org\springframework\kafka\spring-kafka\2.1.5.RELEASE\spring-kafka-2.1.5.RELEASE.jar;E:\Maven\Repository\org\springframework\spring-context\5.0.5.RELEASE\spring-context-5.0.5.RELEASE.jar;E:\Maven\Repository\org\springframework\spring-aop\5.0.5.RELEASE\spring-aop-5.0.5.RELEASE.jar;E:\Maven\Repository\org\springframework\spring-beans\5.0.5.RELEASE\spring-beans-5.0.5.RELEASE.jar;E:\Maven\Repository\org\springframework\spring-expression\5.0.5.RELEASE\spring-expression-5.0.5.RELEASE.jar;E:\Maven\Repository\org\springframework\spring-messaging\5.0.5.RELEASE\spring-messaging-5.0.5.RELEASE.jar;E:\Maven\Repository\org\springframework\spring-tx\5.0.5.RELEASE\spring-tx-5.0.5.RELEASE.jar;E:\Maven\Repository\org\springframework\retry\spring-retry\1.2.2.RELEASE\spring-retry-1.2.2.RELEASE.jar;E:\Maven\Repository\org\apache\kafka\kafka-clients\1.0.1\kafka-clients-1.0.1.jar;E:\Maven\Repository\org\lz4\lz4-java\1.4\lz4-java-1.4.jar;E:\Maven\Repository\org\xerial\snappy\snappy-java\1.1.4\snappy-java-1.1.4.jar;E:\Maven\Repository\org\mybatis\spring\boot\mybatis-spring-boot-starter\1.1.1\mybatis-spring-boot-starter-1.1.1.jar;E:\Maven\Repository\org\mybatis\spring\boot\mybatis-spring-boot-autoconfigure\1.1.1\mybatis-spring-boot-autoconfigure-1.1.1.jar;E:\Maven\Repository\org\mybatis\mybatis\3.4.0\mybatis-3.4.0.jar;E:\Maven\Repository\org\springframework\boot\spring-boot-starter-jdbc\2.0.1.RELEASE\spring-boot-starter-jdbc-2.0.1.RELEASE.jar;E:\Maven\Repository\com\zaxxer\HikariCP\2.7.8\HikariCP-2.7.8.jar;E:\Maven\Repository\org\springframework\spring-jdbc\5.0.5.RELEASE\spring-jdbc-5.0.5.RELEASE.jar;E:\Maven\Repository\org\mybatis\mybatis-spring\1.3.0\mybatis-spring-1.3.0.jar;E:\Maven\Repository\mysql\mysql-connector-java\5.1.21\mysql-connector-java-5.1.21.jar;"/>
    <property name="java.vm.vendor" value="Oracle Corporation"/>
    <property name="sun.arch.data.model" value="64"/>
    <property name="user.variant" value=""/>
    <property name="java.vendor.url" value="http://java.oracle.com/"/>
    <property name="user.timezone" value=""/>
    <property name="java.vm.specification.version" value="1.8"/>
    <property name="os.name" value="Windows 10"/>
    <property name="user.country" value="CN"/>
    <property name="sun.java.launcher" value="SUN_STANDARD"/>
    <property name="sun.boot.library.path" value="E:\Program Files\Java\jdk1.8.0_131\jre\bin"/>
    <property name="sun.java.command" value="C:\Users\sh00859\AppData\Local\Temp\surefire9158698325087384943\surefirebooter3759128997142624845.jar C:\Users\sh00859\AppData\Local\Temp\surefire9158698325087384943 2018-05-08T16-48-32_382-jvmRun1 surefire6830934090848600186tmp surefire_01876644722720190285tmp"/>
    <property name="surefire.test.class.path" value="E:\project\dubbo-test\dubbo-service\target\test-classes;E:\project\dubbo-test\dubbo-service\target\classes;E:\Maven\Repository\org\springframework\boot\spring-boot-starter\2.0.1.RELEASE\spring-boot-starter-2.0.1.RELEASE.jar;E:\Maven\Repository\org\springframework\boot\spring-boot\2.0.1.RELEASE\spring-boot-2.0.1.RELEASE.jar;E:\Maven\Repository\org\springframework\boot\spring-boot-autoconfigure\2.0.1.RELEASE\spring-boot-autoconfigure-2.0.1.RELEASE.jar;E:\Maven\Repository\org\springframework\boot\spring-boot-starter-logging\2.0.1.RELEASE\spring-boot-starter-logging-2.0.1.RELEASE.jar;E:\Maven\Repository\ch\qos\logback\logback-classic\1.2.3\logback-classic-1.2.3.jar;E:\Maven\Repository\ch\qos\logback\logback-core\1.2.3\logback-core-1.2.3.jar;E:\Maven\Repository\org\apache\logging\log4j\log4j-to-slf4j\2.10.0\log4j-to-slf4j-2.10.0.jar;E:\Maven\Repository\org\apache\logging\log4j\log4j-api\2.10.0\log4j-api-2.10.0.jar;E:\Maven\Repository\org\slf4j\jul-to-slf4j\1.7.25\jul-to-slf4j-1.7.25.jar;E:\Maven\Repository\javax\annotation\javax.annotation-api\1.3.2\javax.annotation-api-1.3.2.jar;E:\Maven\Repository\org\springframework\spring-core\5.0.5.RELEASE\spring-core-5.0.5.RELEASE.jar;E:\Maven\Repository\org\springframework\spring-jcl\5.0.5.RELEASE\spring-jcl-5.0.5.RELEASE.jar;E:\Maven\Repository\org\yaml\snakeyaml\1.19\snakeyaml-1.19.jar;E:\Maven\Repository\org\springframework\boot\spring-boot-starter-test\2.0.1.RELEASE\spring-boot-starter-test-2.0.1.RELEASE.jar;E:\Maven\Repository\org\springframework\boot\spring-boot-test\2.0.1.RELEASE\spring-boot-test-2.0.1.RELEASE.jar;E:\Maven\Repository\org\springframework\boot\spring-boot-test-autoconfigure\2.0.1.RELEASE\spring-boot-test-autoconfigure-2.0.1.RELEASE.jar;E:\Maven\Repository\com\jayway\jsonpath\json-path\2.4.0\json-path-2.4.0.jar;E:\Maven\Repository\net\minidev\json-smart\2.3\json-smart-2.3.jar;E:\Maven\Repository\net\minidev\accessors-smart\1.2\accessors-smart-1.2.jar;E:\Maven\Repository\org\ow2\asm\asm\5.0.4\asm-5.0.4.jar;E:\Maven\Repository\org\slf4j\slf4j-api\1.7.25\slf4j-api-1.7.25.jar;E:\Maven\Repository\junit\junit\4.12\junit-4.12.jar;E:\Maven\Repository\org\assertj\assertj-core\3.9.1\assertj-core-3.9.1.jar;E:\Maven\Repository\org\mockito\mockito-core\2.15.0\mockito-core-2.15.0.jar;E:\Maven\Repository\net\bytebuddy\byte-buddy\1.7.11\byte-buddy-1.7.11.jar;E:\Maven\Repository\net\bytebuddy\byte-buddy-agent\1.7.11\byte-buddy-agent-1.7.11.jar;E:\Maven\Repository\org\objenesis\objenesis\2.6\objenesis-2.6.jar;E:\Maven\Repository\org\hamcrest\hamcrest-core\1.3\hamcrest-core-1.3.jar;E:\Maven\Repository\org\hamcrest\hamcrest-library\1.3\hamcrest-library-1.3.jar;E:\Maven\Repository\org\skyscreamer\jsonassert\1.5.0\jsonassert-1.5.0.jar;E:\Maven\Repository\com\vaadin\external\google\android-json\0.0.20131108.vaadin1\android-json-0.0.20131108.vaadin1.jar;E:\Maven\Repository\org\springframework\spring-test\5.0.5.RELEASE\spring-test-5.0.5.RELEASE.jar;E:\Maven\Repository\org\xmlunit\xmlunit-core\2.5.1\xmlunit-core-2.5.1.jar;E:\Maven\Repository\com\fox\dubbo-api\1.0.0\dubbo-api-1.0.0.jar;E:\Maven\Repository\io\dubbo\springboot\spring-boot-starter-dubbo\1.0.0\spring-boot-starter-dubbo-1.0.0.jar;E:\Maven\Repository\com\alibaba\dubbo\2.5.3\dubbo-2.5.3.jar;E:\Maven\Repository\org\javassist\javassist\3.15.0-GA\javassist-3.15.0-GA.jar;E:\Maven\Repository\org\jboss\netty\netty\3.2.5.Final\netty-3.2.5.Final.jar;E:\Maven\Repository\com\101tec\zkclient\0.7\zkclient-0.7.jar;E:\Maven\Repository\org\apache\zookeeper\zookeeper\3.4.6\zookeeper-3.4.6.jar;E:\Maven\Repository\jline\jline\0.9.94\jline-0.9.94.jar;E:\Maven\Repository\io\netty\netty\3.7.0.Final\netty-3.7.0.Final.jar;E:\Maven\Repository\log4j\log4j\1.2.15\log4j-1.2.15.jar;E:\Maven\Repository\javax\mail\mail\1.4\mail-1.4.jar;E:\Maven\Repository\javax\activation\activation\1.1\activation-1.1.jar;E:\Maven\Repository\org\springframework\kafka\spring-kafka\2.1.5.RELEASE\spring-kafka-2.1.5.RELEASE.jar;E:\Maven\Repository\org\springframework\spring-context\5.0.5.RELEASE\spring-context-5.0.5.RELEASE.jar;E:\Maven\Repository\org\springframework\spring-aop\5.0.5.RELEASE\spring-aop-5.0.5.RELEASE.jar;E:\Maven\Repository\org\springframework\spring-beans\5.0.5.RELEASE\spring-beans-5.0.5.RELEASE.jar;E:\Maven\Repository\org\springframework\spring-expression\5.0.5.RELEASE\spring-expression-5.0.5.RELEASE.jar;E:\Maven\Repository\org\springframework\spring-messaging\5.0.5.RELEASE\spring-messaging-5.0.5.RELEASE.jar;E:\Maven\Repository\org\springframework\spring-tx\5.0.5.RELEASE\spring-tx-5.0.5.RELEASE.jar;E:\Maven\Repository\org\springframework\retry\spring-retry\1.2.2.RELEASE\spring-retry-1.2.2.RELEASE.jar;E:\Maven\Repository\org\apache\kafka\kafka-clients\1.0.1\kafka-clients-1.0.1.jar;E:\Maven\Repository\org\lz4\lz4-java\1.4\lz4-java-1.4.jar;E:\Maven\Repository\org\xerial\snappy\snappy-java\1.1.4\snappy-java-1.1.4.jar;E:\Maven\Repository\org\mybatis\spring\boot\mybatis-spring-boot-starter\1.1.1\mybatis-spring-boot-starter-1.1.1.jar;E:\Maven\Repository\org\mybatis\spring\boot\mybatis-spring-boot-autoconfigure\1.1.1\mybatis-spring-boot-autoconfigure-1.1.1.jar;E:\Maven\Repository\org\mybatis\mybatis\3.4.0\mybatis-3.4.0.jar;E:\Maven\Repository\org\springframework\boot\spring-boot-starter-jdbc\2.0.1.RELEASE\spring-boot-starter-jdbc-2.0.1.RELEASE.jar;E:\Maven\Repository\com\zaxxer\HikariCP\2.7.8\HikariCP-2.7.8.jar;E:\Maven\Repository\org\springframework\spring-jdbc\5.0.5.RELEASE\spring-jdbc-5.0.5.RELEASE.jar;E:\Maven\Repository\org\mybatis\mybatis-spring\1.3.0\mybatis-spring-1.3.0.jar;E:\Maven\Repository\mysql\mysql-connector-java\5.1.21\mysql-connector-java-5.1.21.jar;"/>
    <property name="sun.cpu.endian" value="little"/>
    <property name="user.home" value="C:\Users\sh00859"/>
    <property name="user.language" value="zh"/>
    <property name="java.specification.vendor" value="Oracle Corporation"/>
    <property name="java.home" value="E:\Program Files\Java\jdk1.8.0_131\jre"/>
    <property name="basedir" value="E:\project\dubbo-test\dubbo-service"/>
    <property name="file.separator" value="\"/>
    <property name="line.separator" value="&#10;"/>
    <property name="java.vm.specification.vendor" value="Oracle Corporation"/>
    <property name="java.specification.name" value="Java Platform API Specification"/>
    <property name="java.awt.graphicsenv" value="sun.awt.Win32GraphicsEnvironment"/>
    <property name="surefire.real.class.path" value="C:\Users\sh00859\AppData\Local\Temp\surefire9158698325087384943\surefirebooter3759128997142624845.jar"/>
    <property name="sun.boot.class.path" value="E:\Program Files\Java\jdk1.8.0_131\jre\lib\resources.jar;E:\Program Files\Java\jdk1.8.0_131\jre\lib\rt.jar;E:\Program Files\Java\jdk1.8.0_131\jre\lib\sunrsasign.jar;E:\Program Files\Java\jdk1.8.0_131\jre\lib\jsse.jar;E:\Program Files\Java\jdk1.8.0_131\jre\lib\jce.jar;E:\Program Files\Java\jdk1.8.0_131\jre\lib\charsets.jar;E:\Program Files\Java\jdk1.8.0_131\jre\lib\jfr.jar;E:\Program Files\Java\jdk1.8.0_131\jre\classes"/>
    <property name="user.script" value=""/>
    <property name="sun.management.compiler" value="HotSpot 64-Bit Tiered Compilers"/>
    <property name="java.runtime.version" value="1.8.0_131-b11"/>
    <property name="user.name" value="sh00859"/>
    <property name="path.separator" value=";"/>
    <property name="os.version" value="10.0"/>
    <property name="java.endorsed.dirs" value="E:\Program Files\Java\jdk1.8.0_131\jre\lib\endorsed"/>
    <property name="java.runtime.name" value="Java(TM) SE Runtime Environment"/>
    <property name="file.encoding" value="GBK"/>
    <property name="java.vm.name" value="Java HotSpot(TM) 64-Bit Server VM"/>
    <property name="localRepository" value="E:\Maven\Repository"/>
    <property name="java.vendor.url.bug" value="http://bugreport.sun.com/bugreport/"/>
    <property name="java.io.tmpdir" value="C:\Users\sh00859\AppData\Local\Temp\"/>
    <property name="java.version" value="1.8.0_131"/>
    <property name="user.dir" value="E:\project\dubbo-test\dubbo-service"/>
    <property name="os.arch" value="amd64"/>
    <property name="java.vm.specification.name" value="Java Virtual Machine Specification"/>
    <property name="java.awt.printerjob" value="sun.awt.windows.WPrinterJob"/>
    <property name="sun.os.patch.level" value=""/>
    <property name="java.library.path" value="E:\Program Files\Java\jdk1.8.0_131\jre\bin;C:\Windows\Sun\Java\bin;C:\Windows\system32;C:\Windows;F:\app\sh00859\product\11.2.0\dbhome_1\bin;C:\ProgramData\Oracle\Java\javapath;C:\Windows\system32;C:\Windows;C:\Windows\System32\Wbem;C:\Windows\System32\WindowsPowerShell\v1.0\;E:\Program Files\Java\jdk1.8.0_131\bin;E:\soft\apache-maven-3.5.0\bin;C:\Program Files\TortoiseSVN\bin;e:\Program Files\Git\cmd;C:\Users\sh00859\AppData\Local\Microsoft\WindowsApps;."/>
    <property name="java.vm.info" value="mixed mode"/>
    <property name="java.vendor" value="Oracle Corporation"/>
    <property name="java.vm.version" value="25.131-b11"/>
    <property name="java.ext.dirs" value="E:\Program Files\Java\jdk1.8.0_131\jre\lib\ext;C:\Windows\Sun\Java\lib\ext"/>
    <property name="sun.io.unicode.encoding" value="UnicodeLittle"/>
    <property name="java.class.version" value="52.0"/>
  </properties>
  <testcase name="newFixedThreadPool" classname="com.fox.AppTest" time="0.008"/>
  <testcase name="testgetIntVolatile" classname="com.fox.AppTest" time="0.012"/>
  <testcase name="shouldAnswerWithTrue" classname="com.fox.AppTest" time="0"/>
  <testcase name="newSingleThreadExecutor" classname="com.fox.AppTest" time="0"/>
  <testcase name="newCachedThreadPool" classname="com.fox.AppTest" time="0"/>
  <testcase name="newScheduledThreadPool" classname="com.fox.AppTest" time="0.004"/>
</testsuite>